# JRE version: OpenJDK Runtime Environment (8.0_212-b04) (build 1.8.0_212-release-1586-b04)
# Java VM: OpenJDK 64-Bit Server VM (25.212-b04 mixed mode windows-amd64 compressed oops)
Heap:
 PSYoungGen      total 184832K, used 179880K [0x00000000e0000000, 0x00000000ed400000, 0x0000000100000000)
  eden space 160768K, 100% used [0x00000000e0000000,0x00000000e9d00000,0x00000000e9d00000)
  from space 24064K, 79% used [0x00000000ebc80000,0x00000000ecf2a0a0,0x00000000ed400000)
  to   space 28160K, 52% used [0x00000000e9d00000,0x00000000eab604e8,0x00000000eb880000)
 ParOldGen       total 138752K, used 51739K [0x00000000a0000000, 0x00000000a8780000, 0x00000000e0000000)
  object space 138752K, 37% used [0x00000000a0000000,0x00000000a3286ca8,0x00000000a8780000)
 Metaspace       used 90277K, capacity 95539K, committed 95704K, reserved 1132544K
  class space    used 11789K, capacity 12754K, committed 12760K, reserved 1048576K
GC Heap History (10 events):
Event: 905.215 GC heap after
Heap after GC invocations=19 (full 3):
 PSYoungGen      total 199168K, used 16794K [0x00000000e0000000, 0x00000000eff00000, 0x0000000100000000)
  eden space 182272K, 0% used [0x00000000e0000000,0x00000000e0000000,0x00000000eb200000)
  from space 16896K, 99% used [0x00000000eee80000,0x00000000efee6910,0x00000000eff00000)
  to   space 30720K, 0% used [0x00000000ec300000,0x00000000ec300000,0x00000000ee100000)
 ParOldGen       total 138752K, used 51699K [0x00000000a0000000, 0x00000000a8780000, 0x00000000e0000000)
  object space 138752K, 37% used [0x00000000a0000000,0x00000000a327cca8,0x00000000a8780000)
 Metaspace       used 85221K, capacity 88759K, committed 88920K, reserved 1126400K
  class space    used 11355K, capacity 12089K, committed 12120K, reserved 1048576K
}
Event: 993.494 GC heap before
{Heap before GC invocations=20 (full 3):
 PSYoungGen      total 199168K, used 199066K [0x00000000e0000000, 0x00000000eff00000, 0x0000000100000000)
  eden space 182272K, 100% used [0x00000000e0000000,0x00000000eb200000,0x00000000eb200000)
  from space 16896K, 99% used [0x00000000eee80000,0x00000000efee6910,0x00000000eff00000)
  to   space 30720K, 0% used [0x00000000ec300000,0x00000000ec300000,0x00000000ee100000)
 ParOldGen       total 138752K, used 51699K [0x00000000a0000000, 0x00000000a8780000, 0x00000000e0000000)
  object space 138752K, 37% used [0x00000000a0000000,0x00000000a327cca8,0x00000000a8780000)
 Metaspace       used 86674K, capacity 90511K, committed 90584K, reserved 1128448K
  class space    used 11465K, capacity 12235K, committed 12248K, reserved 1048576K
Event: 993.536 GC heap after
Heap after GC invocations=20 (full 3):
 PSYoungGen      total 191488K, used 14600K [0x00000000e0000000, 0x00000000eef00000, 0x0000000100000000)
  eden space 176640K, 0% used [0x00000000e0000000,0x00000000e0000000,0x00000000eac80000)
  from space 14848K, 98% used [0x00000000ec300000,0x00000000ed142338,0x00000000ed180000)
  to   space 29696K, 0% used [0x00000000ed200000,0x00000000ed200000,0x00000000eef00000)
 ParOldGen       total 138752K, used 51707K [0x00000000a0000000, 0x00000000a8780000, 0x00000000e0000000)
  object space 138752K, 37% used [0x00000000a0000000,0x00000000a327eca8,0x00000000a8780000)
 Metaspace       used 86674K, capacity 90511K, committed 90584K, reserved 1128448K
  class space    used 11465K, capacity 12235K, committed 12248K, reserved 1048576K
}
Event: 2934.372 GC heap before
{Heap before GC invocations=21 (full 3):
 PSYoungGen      total 191488K, used 191240K [0x00000000e0000000, 0x00000000eef00000, 0x0000000100000000)
  eden space 176640K, 100% used [0x00000000e0000000,0x00000000eac80000,0x00000000eac80000)
  from space 14848K, 98% used [0x00000000ec300000,0x00000000ed142338,0x00000000ed180000)
  to   space 29696K, 0% used [0x00000000ed200000,0x00000000ed200000,0x00000000eef00000)
 ParOldGen       total 138752K, used 51707K [0x00000000a0000000, 0x00000000a8780000, 0x00000000e0000000)
  object space 138752K, 37% used [0x00000000a0000000,0x00000000a327eca8,0x00000000a8780000)
 Metaspace       used 87483K, capacity 91547K, committed 91736K, reserved 1128448K
  class space    used 11503K, capacity 12305K, committed 12376K, reserved 1048576K
Event: 2934.433 GC heap after
Heap after GC invocations=21 (full 3):
 PSYoungGen      total 184320K, used 10896K [0x00000000e0000000, 0x00000000edf00000, 0x0000000100000000)
  eden space 171008K, 0% used [0x00000000e0000000,0x00000000e0000000,0x00000000ea700000)
  from space 13312K, 81% used [0x00000000ed200000,0x00000000edca4220,0x00000000edf00000)
  to   space 28672K, 0% used [0x00000000ea700000,0x00000000ea700000,0x00000000ec300000)
 ParOldGen       total 138752K, used 51715K [0x00000000a0000000, 0x00000000a8780000, 0x00000000e0000000)
  object space 138752K, 37% used [0x00000000a0000000,0x00000000a3280ca8,0x00000000a8780000)
 Metaspace       used 87483K, capacity 91547K, committed 91736K, reserved 1128448K
  class space    used 11503K, capacity 12305K, committed 12376K, reserved 1048576K
}
Event: 3128.241 GC heap before
{Heap before GC invocations=22 (full 3):
 PSYoungGen      total 184320K, used 181904K [0x00000000e0000000, 0x00000000edf00000, 0x0000000100000000)
  eden space 171008K, 100% used [0x00000000e0000000,0x00000000ea700000,0x00000000ea700000)
  from space 13312K, 81% used [0x00000000ed200000,0x00000000edca4220,0x00000000edf00000)
  to   space 28672K, 0% used [0x00000000ea700000,0x00000000ea700000,0x00000000ec300000)
 ParOldGen       total 138752K, used 51715K [0x00000000a0000000, 0x00000000a8780000, 0x00000000e0000000)
  object space 138752K, 37% used [0x00000000a0000000,0x00000000a3280ca8,0x00000000a8780000)
 Metaspace       used 88078K, capacity 92685K, committed 92888K, reserved 1130496K
  class space    used 11570K, capacity 12428K, committed 12504K, reserved 1048576K
Event: 3128.271 GC heap after
Heap after GC invocations=22 (full 3):
 PSYoungGen      total 179712K, used 13773K [0x00000000e0000000, 0x00000000ed700000, 0x0000000100000000)
  eden space 165888K, 0% used [0x00000000e0000000,0x00000000e0000000,0x00000000ea200000)
  from space 13824K, 99% used [0x00000000ea700000,0x00000000eb473700,0x00000000eb480000)
  to   space 27136K, 0% used [0x00000000ebc80000,0x00000000ebc80000,0x00000000ed700000)
 ParOldGen       total 138752K, used 51723K [0x00000000a0000000, 0x00000000a8780000, 0x00000000e0000000)
  object space 138752K, 37% used [0x00000000a0000000,0x00000000a3282ca8,0x00000000a8780000)
 Metaspace       used 88078K, capacity 92685K, committed 92888K, reserved 1130496K
  class space    used 11570K, capacity 12428K, committed 12504K, reserved 1048576K
}
Event: 3855.072 GC heap before
{Heap before GC invocations=23 (full 3):
 PSYoungGen      total 179712K, used 179661K [0x00000000e0000000, 0x00000000ed700000, 0x0000000100000000)
  eden space 165888K, 100% used [0x00000000e0000000,0x00000000ea200000,0x00000000ea200000)
  from space 13824K, 99% used [0x00000000ea700000,0x00000000eb473700,0x00000000eb480000)
  to   space 27136K, 0% used [0x00000000ebc80000,0x00000000ebc80000,0x00000000ed700000)
 ParOldGen       total 138752K, used 51723K [0x00000000a0000000, 0x00000000a8780000, 0x00000000e0000000)
  object space 138752K, 37% used [0x00000000a0000000,0x00000000a3282ca8,0x00000000a8780000)
 Metaspace       used 88789K, capacity 93809K, committed 94040K, reserved 1130496K
  class space    used 11669K, capacity 12591K, committed 12632K, reserved 1048576K
Event: 3855.141 GC heap after
Heap after GC invocations=23 (full 3):
 PSYoungGen      total 184832K, used 19112K [0x00000000e0000000, 0x00000000ed400000, 0x0000000100000000)
  eden space 160768K, 0% used [0x00000000e0000000,0x00000000e0000000,0x00000000e9d00000)
  from space 24064K, 79% used [0x00000000ebc80000,0x00000000ecf2a0a0,0x00000000ed400000)
  to   space 28160K, 0% used [0x00000000e9d00000,0x00000000e9d00000,0x00000000eb880000)
 ParOldGen       total 138752K, used 51731K [0x00000000a0000000, 0x00000000a8780000, 0x00000000e0000000)
  object space 138752K, 37% used [0x00000000a0000000,0x00000000a3284ca8,0x00000000a8780000)
 Metaspace       used 88789K, capacity 93809K, committed 94040K, reserved 1130496K
  class space    used 11669K, capacity 12591K, committed 12632K, reserved 1048576K
}
Event: 3880.153 GC heap before
{Heap before GC invocations=24 (full 3):
 PSYoungGen      total 184832K, used 179880K [0x00000000e0000000, 0x00000000ed400000, 0x0000000100000000)
  eden space 160768K, 100% used [0x00000000e0000000,0x00000000e9d00000,0x00000000e9d00000)
  from space 24064K, 79% used [0x00000000ebc80000,0x00000000ecf2a0a0,0x00000000ed400000)
  to   space 28160K, 0% used [0x00000000e9d00000,0x00000000e9d00000,0x00000000eb880000)
 ParOldGen       total 138752K, used 51731K [0x00000000a0000000, 0x00000000a8780000, 0x00000000e0000000)
  object space 138752K, 37% used [0x00000000a0000000,0x00000000a3284ca8,0x00000000a8780000)
 Metaspace       used 90277K, capacity 95539K, committed 95704K, reserved 1132544K
  class space    used 11789K, capacity 12754K, committed 12760K, reserved 1048576K

