# JRE version: OpenJDK Runtime Environment (8.0_212-b04) (build 1.8.0_212-release-1586-b04)
# Java VM: OpenJDK 64-Bit Server VM (25.212-b04 mixed mode windows-amd64 compressed oops)
Heap:
 PSYoungGen      total 467968K, used 150232K [0x00000000e0000000, 0x0000000100000000, 0x0000000100000000)
  eden space 438784K, 27% used [0x00000000e0000000,0x00000000e763b7c8,0x00000000fac80000)
  from space 29184K, 99% used [0x00000000fac80000,0x00000000fc8fa9d8,0x00000000fc900000)
  to   space 34816K, 0% used [0x00000000fde00000,0x00000000fde00000,0x0000000100000000)
 ParOldGen       total 182784K, used 56654K [0x00000000a0000000, 0x00000000ab280000, 0x00000000e0000000)
  object space 182784K, 30% used [0x00000000a0000000,0x00000000a3753a90,0x00000000ab280000)
 Metaspace       used 101547K, capacity 107343K, committed 107392K, reserved 1142784K
  class space    used 13086K, capacity 14171K, committed 14208K, reserved 1048576K
GC Heap History (10 events):
Event: 76.490 GC heap before
{Heap before GC invocations=21 (full 3):
 PSYoungGen      total 395776K, used 385588K [0x00000000e0000000, 0x00000000fc480000, 0x0000000100000000)
  eden space 370176K, 100% used [0x00000000e0000000,0x00000000f6980000,0x00000000f6980000)
  from space 25600K, 60% used [0x00000000f6980000,0x00000000f788d2d8,0x00000000f8280000)
  to   space 25088K, 0% used [0x00000000fac00000,0x00000000fac00000,0x00000000fc480000)
 ParOldGen       total 125952K, used 46725K [0x00000000a0000000, 0x00000000a7b00000, 0x00000000e0000000)
  object space 125952K, 37% used [0x00000000a0000000,0x00000000a2da1788,0x00000000a7b00000)
 Metaspace       used 83445K, capacity 87239K, committed 87424K, reserved 1124352K
  class space    used 11081K, capacity 11801K, committed 11904K, reserved 1048576K
Event: 76.558 GC heap after
Heap after GC invocations=21 (full 3):
 PSYoungGen      total 435200K, used 23967K [0x00000000e0000000, 0x00000000fc800000, 0x0000000100000000)
  eden space 410112K, 0% used [0x00000000e0000000,0x00000000e0000000,0x00000000f9080000)
  from space 25088K, 95% used [0x00000000fac00000,0x00000000fc367c98,0x00000000fc480000)
  to   space 28160K, 0% used [0x00000000f9080000,0x00000000f9080000,0x00000000fac00000)
 ParOldGen       total 125952K, used 46733K [0x00000000a0000000, 0x00000000a7b00000, 0x00000000e0000000)
  object space 125952K, 37% used [0x00000000a0000000,0x00000000a2da3788,0x00000000a7b00000)
 Metaspace       used 83445K, capacity 87239K, committed 87424K, reserved 1124352K
  class space    used 11081K, capacity 11801K, committed 11904K, reserved 1048576K
}
Event: 945.211 GC heap before
{Heap before GC invocations=22 (full 3):
 PSYoungGen      total 435200K, used 434079K [0x00000000e0000000, 0x00000000fc800000, 0x0000000100000000)
  eden space 410112K, 100% used [0x00000000e0000000,0x00000000f9080000,0x00000000f9080000)
  from space 25088K, 95% used [0x00000000fac00000,0x00000000fc367c98,0x00000000fc480000)
  to   space 28160K, 0% used [0x00000000f9080000,0x00000000f9080000,0x00000000fac00000)
 ParOldGen       total 125952K, used 46733K [0x00000000a0000000, 0x00000000a7b00000, 0x00000000e0000000)
  object space 125952K, 37% used [0x00000000a0000000,0x00000000a2da3788,0x00000000a7b00000)
 Metaspace       used 91199K, capacity 95675K, committed 96000K, reserved 1132544K
  class space    used 11885K, capacity 12717K, committed 12800K, reserved 1048576K
Event: 945.253 GC heap after
Heap after GC invocations=22 (full 3):
 PSYoungGen      total 438272K, used 22637K [0x00000000e0000000, 0x00000000fed80000, 0x0000000100000000)
  eden space 410112K, 0% used [0x00000000e0000000,0x00000000e0000000,0x00000000f9080000)
  from space 28160K, 80% used [0x00000000f9080000,0x00000000fa69b6d8,0x00000000fac00000)
  to   space 29696K, 0% used [0x00000000fd080000,0x00000000fd080000,0x00000000fed80000)
 ParOldGen       total 125952K, used 46741K [0x00000000a0000000, 0x00000000a7b00000, 0x00000000e0000000)
  object space 125952K, 37% used [0x00000000a0000000,0x00000000a2da5788,0x00000000a7b00000)
 Metaspace       used 91199K, capacity 95675K, committed 96000K, reserved 1132544K
  class space    used 11885K, capacity 12717K, committed 12800K, reserved 1048576K
}
Event: 1127.849 GC heap before
{Heap before GC invocations=23 (full 3):
 PSYoungGen      total 438272K, used 275704K [0x00000000e0000000, 0x00000000fed80000, 0x0000000100000000)
  eden space 410112K, 61% used [0x00000000e0000000,0x00000000ef722c80,0x00000000f9080000)
  from space 28160K, 80% used [0x00000000f9080000,0x00000000fa69b6d8,0x00000000fac00000)
  to   space 29696K, 0% used [0x00000000fd080000,0x00000000fd080000,0x00000000fed80000)
 ParOldGen       total 125952K, used 46741K [0x00000000a0000000, 0x00000000a7b00000, 0x00000000e0000000)
  object space 125952K, 37% used [0x00000000a0000000,0x00000000a2da5788,0x00000000a7b00000)
 Metaspace       used 93758K, capacity 98467K, committed 98496K, reserved 1134592K
  class space    used 12137K, capacity 13031K, committed 13056K, reserved 1048576K
Event: 1127.898 GC heap after
Heap after GC invocations=23 (full 3):
 PSYoungGen      total 460288K, used 17736K [0x00000000e0000000, 0x00000000fe580000, 0x0000000100000000)
  eden space 438784K, 0% used [0x00000000e0000000,0x00000000e0000000,0x00000000fac80000)
  from space 21504K, 82% used [0x00000000fd080000,0x00000000fe1d2368,0x00000000fe580000)
  to   space 29184K, 0% used [0x00000000fac80000,0x00000000fac80000,0x00000000fc900000)
 ParOldGen       total 125952K, used 46749K [0x00000000a0000000, 0x00000000a7b00000, 0x00000000e0000000)
  object space 125952K, 37% used [0x00000000a0000000,0x00000000a2da7788,0x00000000a7b00000)
 Metaspace       used 93758K, capacity 98467K, committed 98496K, reserved 1134592K
  class space    used 12137K, capacity 13031K, committed 13056K, reserved 1048576K
}
Event: 1127.898 GC heap before
{Heap before GC invocations=24 (full 4):
 PSYoungGen      total 460288K, used 17736K [0x00000000e0000000, 0x00000000fe580000, 0x0000000100000000)
  eden space 438784K, 0% used [0x00000000e0000000,0x00000000e0000000,0x00000000fac80000)
  from space 21504K, 82% used [0x00000000fd080000,0x00000000fe1d2368,0x00000000fe580000)
  to   space 29184K, 0% used [0x00000000fac80000,0x00000000fac80000,0x00000000fc900000)
 ParOldGen       total 125952K, used 46749K [0x00000000a0000000, 0x00000000a7b00000, 0x00000000e0000000)
  object space 125952K, 37% used [0x00000000a0000000,0x00000000a2da7788,0x00000000a7b00000)
 Metaspace       used 93758K, capacity 98467K, committed 98496K, reserved 1134592K
  class space    used 12137K, capacity 13031K, committed 13056K, reserved 1048576K
Event: 1128.511 GC heap after
Heap after GC invocations=24 (full 4):
 PSYoungGen      total 460288K, used 0K [0x00000000e0000000, 0x00000000fe580000, 0x0000000100000000)
  eden space 438784K, 0% used [0x00000000e0000000,0x00000000e0000000,0x00000000fac80000)
  from space 21504K, 0% used [0x00000000fd080000,0x00000000fd080000,0x00000000fe580000)
  to   space 29184K, 0% used [0x00000000fac80000,0x00000000fac80000,0x00000000fc900000)
 ParOldGen       total 182784K, used 50568K [0x00000000a0000000, 0x00000000ab280000, 0x00000000e0000000)
  object space 182784K, 27% used [0x00000000a0000000,0x00000000a3162340,0x00000000ab280000)
 Metaspace       used 93551K, capacity 97913K, committed 98496K, reserved 1134592K
  class space    used 12064K, capacity 12904K, committed 13056K, reserved 1048576K
}
Event: 1352.498 GC heap before
{Heap before GC invocations=25 (full 4):
 PSYoungGen      total 460288K, used 438784K [0x00000000e0000000, 0x00000000fe580000, 0x0000000100000000)
  eden space 438784K, 100% used [0x00000000e0000000,0x00000000fac80000,0x00000000fac80000)
  from space 21504K, 0% used [0x00000000fd080000,0x00000000fd080000,0x00000000fe580000)
  to   space 29184K, 0% used [0x00000000fac80000,0x00000000fac80000,0x00000000fc900000)
 ParOldGen       total 182784K, used 50568K [0x00000000a0000000, 0x00000000ab280000, 0x00000000e0000000)
  object space 182784K, 27% used [0x00000000a0000000,0x00000000a3162340,0x00000000ab280000)
 Metaspace       used 101336K, capacity 107019K, committed 107136K, reserved 1142784K
  class space    used 13075K, capacity 14151K, committed 14208K, reserved 1048576K
Event: 1352.587 GC heap after
Heap after GC invocations=25 (full 4):
 PSYoungGen      total 467968K, used 29162K [0x00000000e0000000, 0x0000000100000000, 0x0000000100000000)
  eden space 438784K, 0% used [0x00000000e0000000,0x00000000e0000000,0x00000000fac80000)
  from space 29184K, 99% used [0x00000000fac80000,0x00000000fc8fa9d8,0x00000000fc900000)
  to   space 34816K, 0% used [0x00000000fde00000,0x00000000fde00000,0x0000000100000000)
 ParOldGen       total 182784K, used 56654K [0x00000000a0000000, 0x00000000ab280000, 0x00000000e0000000)
  object space 182784K, 30% used [0x00000000a0000000,0x00000000a3753a90,0x00000000ab280000)
 Metaspace       used 101336K, capacity 107019K, committed 107136K, reserved 1142784K
  class space    used 13075K, capacity 14151K, committed 14208K, reserved 1048576K
}

